<?xml version="1.0" encoding="UTF-8"?>
<testsuite name="TestHTTPClient" tests="28" time="1.825055912" failures="0" errors="0" skipped="0" assertions="60">
  <testcase name="test_agent_name" time="0.018686048" assertions="2">
  </testcase>
  <testcase name="test_body_param_order" time="0.009260758" assertions="1">
  </testcase>
  <testcase name="test_broken_header" time="0.013603474" assertions="1">
  </testcase>
  <testcase name="test_charset" time="0.013129142" assertions="2">
  </testcase>
  <testcase name="test_chunked" time="0.054276473" assertions="2">
  </testcase>
  <testcase name="test_chunked_empty" time="0.014331797" assertions="1">
  </testcase>
  <testcase name="test_connect_request" time="0.003619723" assertions="2">
  </testcase>
  <testcase name="test_connect_timeout" time="0.003418938" assertions="0">
  </testcase>
  <testcase name="test_connection" time="0.003467481" assertions="2">
  </testcase>
  <testcase name="test_continue" time="0.011619654" assertions="3">
  </testcase>
  <testcase name="test_cookie_update_while_authentication" time="0.005894274" assertions="3">
  </testcase>
  <testcase name="test_cookies" time="0.028987489" assertions="2">
  </testcase>
  <testcase name="test_debug_dev" time="0.009290071" assertions="3">
  </testcase>
  <testcase name="test_debug_dev_stream" time="0.024782091" assertions="1">
  </testcase>
  <testcase name="test_delete" time="0.007344758" assertions="1">
  </testcase>
  <testcase name="test_delete_async" time="0.012106211" assertions="1">
  </testcase>
  <testcase name="test_delete_with_body" time="0.009209805" assertions="2">
  </testcase>
  <testcase name="test_empty_proxy_env" time="0.006924914" assertions="1">
  </testcase>
  <testcase name="test_eof_error_length" time="0.009711158" assertions="1">
  </testcase>
  <testcase name="test_eof_error_rest" time="0.007020156" assertions="1">
  </testcase>
  <testcase name="test_extra_headers" time="0.013355433" assertions="5">
  </testcase>
  <testcase name="test_from" time="0.016391016" assertions="2">
  </testcase>
  <testcase name="test_get" time="0.093464408" assertions="5">
  </testcase>
  <testcase name="test_get_async" time="0.03389181" assertions="1">
  </testcase>
  <testcase name="test_get_async_for_largebody" time="0.105096318" assertions="1">
  </testcase>
  <testcase name="test_get_content" time="0.942200107" assertions="10">
  </testcase>
  <testcase name="test_get_content_with_block" time="0.247654055" assertions="3">
  </testcase>
  <testcase name="test_get_follow_redirect">
  </testcase>
  <system-out>
redirect to: http://localhost:48939/hello
redirect to: http://localhost:48939/redirect3
redirect to: http://localhost:48939/hello
redirect to: http://localhost:48939/hello
redirect to: http://localhost:48939/redirect3
redirect to: http://localhost:48939/hello
redirect to: http://localhost:48939/redirect_self
redirect to: http://localhost:48939/redirect_self
redirect to: http://localhost:48939/redirect_self
redirect to: http://localhost:48939/redirect_self
redirect to: http://localhost:48939/redirect_self
redirect to: http://localhost:48939/redirect_self
redirect to: http://localhost:48939/redirect_self
redirect to: http://localhost:48939/redirect_self
redirect to: http://localhost:48939/redirect_self
redirect to: http://localhost:48939/redirect_self
redirect to: http://localhost:59637/hello
redirect to: http://localhost:59637/redirect3
redirect to: http://localhost:59637/hello
redirect to: http://localhost:40754/hello
  </system-out>
  <system-err>
Exception `IOError' at /usr/local/lib/ruby/2.1.0/webrick/server.rb:170 - closed stream
Exception `WEBrick::HTTPStatus::EOFError' at /usr/local/lib/ruby/2.1.0/webrick/httpserver.rb:80 - WEBrick::HTTPStatus::EOFError
Exception `EOFError' at /mnt/home/nahi/git/httpclient/lib/httpclient/session.rb:442 - end of file reached
Exception `WEBrick::HTTPStatus::EOFError' at /usr/local/lib/ruby/2.1.0/webrick/httpserver.rb:80 - WEBrick::HTTPStatus::EOFError
Exception `EOFError' at /usr/local/lib/ruby/2.1.0/webrick/httpresponse.rb:396 - end of file reached
Exception `EOFError' at /usr/local/lib/ruby/2.1.0/webrick/httpresponse.rb:396 - end of file reached
Exception `WEBrick::HTTPStatus::EOFError' at /usr/local/lib/ruby/2.1.0/webrick/httpserver.rb:80 - WEBrick::HTTPStatus::EOFError
Exception `IOError' at /usr/local/lib/ruby/2.1.0/webrick/server.rb:170 - closed stream
Exception `EOFError' at /usr/local/lib/ruby/2.1.0/webrick/httpresponse.rb:396 - end of file reached
Exception `WEBrick::HTTPStatus::EOFError' at /usr/local/lib/ruby/2.1.0/webrick/httpserver.rb:80 - WEBrick::HTTPStatus::EOFError
Exception `IOError' at /usr/local/lib/ruby/2.1.0/webrick/server.rb:170 - closed stream
Exception `WEBrick::HTTPStatus::EOFError' at /usr/local/lib/ruby/2.1.0/webrick/httpserver.rb:80 - WEBrick::HTTPStatus::EOFError
Exception `IOError' at /usr/local/lib/ruby/2.1.0/webrick/server.rb:170 - closed stream
Exception `HTTPClient::RetryableResponse' at /mnt/home/nahi/git/httpclient/lib/httpclient.rb:1103 - HTTPClient::RetryableResponse
Exception `EOFError' at /mnt/home/nahi/git/httpclient/lib/httpclient/session.rb:442 - end of file reached
Exception `WEBrick::HTTPStatus::EOFError' at /usr/local/lib/ruby/2.1.0/webrick/httpserver.rb:80 - WEBrick::HTTPStatus::EOFError
Exception `IOError' at /usr/local/lib/ruby/2.1.0/webrick/server.rb:261 - stream closed
Exception `WEBrick::HTTPStatus::EOFError' at /usr/local/lib/ruby/2.1.0/webrick/httpserver.rb:80 - WEBrick::HTTPStatus::EOFError
Exception `WEBrick::HTTPStatus::EOFError' at /usr/local/lib/ruby/2.1.0/webrick/httpserver.rb:80 - WEBrick::HTTPStatus::EOFError
Exception `WEBrick::HTTPStatus::EOFError' at /usr/local/lib/ruby/2.1.0/webrick/httpserver.rb:80 - WEBrick::HTTPStatus::EOFError
Exception `IOError' at /usr/local/lib/ruby/2.1.0/webrick/server.rb:170 - closed stream
Exception `WEBrick::HTTPStatus::EOFError' at /usr/local/lib/ruby/2.1.0/webrick/httpserver.rb:80 - WEBrick::HTTPStatus::EOFError
Exception `EOFError' at /mnt/home/nahi/git/httpclient/test/test_httpclient.rb:1130 - EOFError
Exception `EOFError' at /mnt/home/nahi/git/httpclient/test/test_httpclient.rb:1158 - EOFError
Exception `WEBrick::HTTPStatus::EOFError' at /usr/local/lib/ruby/2.1.0/webrick/httpserver.rb:80 - WEBrick::HTTPStatus::EOFError
Exception `WEBrick::HTTPStatus::EOFError' at /usr/local/lib/ruby/2.1.0/webrick/httpserver.rb:80 - WEBrick::HTTPStatus::EOFError
Exception `IOError' at /usr/local/lib/ruby/2.1.0/webrick/server.rb:170 - closed stream
Exception `WEBrick::HTTPStatus::EOFError' at /usr/local/lib/ruby/2.1.0/webrick/httpserver.rb:80 - WEBrick::HTTPStatus::EOFError
Exception `WEBrick::HTTPStatus::EOFError' at /usr/local/lib/ruby/2.1.0/webrick/httpserver.rb:80 - WEBrick::HTTPStatus::EOFError
Exception `IOError' at /usr/local/lib/ruby/2.1.0/webrick/server.rb:170 - closed stream
Exception `IOError' at /usr/local/lib/ruby/2.1.0/webrick/server.rb:170 - closed stream
Exception `WEBrick::HTTPStatus::EOFError' at /usr/local/lib/ruby/2.1.0/webrick/httpserver.rb:80 - WEBrick::HTTPStatus::EOFError
Exception `IOError' at /usr/local/lib/ruby/2.1.0/webrick/server.rb:170 - closed stream
Exception `WEBrick::HTTPStatus::MovedPermanently' at /usr/local/lib/ruby/2.1.0/webrick/httpresponse.rb:326 - WEBrick::HTTPStatus::MovedPermanently
Exception `WEBrick::HTTPStatus::TemporaryRedirect' at /usr/local/lib/ruby/2.1.0/webrick/httpresponse.rb:326 - WEBrick::HTTPStatus::TemporaryRedirect
Exception `WEBrick::HTTPStatus::Found' at /usr/local/lib/ruby/2.1.0/webrick/httpresponse.rb:326 - WEBrick::HTTPStatus::Found
Exception `WEBrick::HTTPStatus::MovedPermanently' at /usr/local/lib/ruby/2.1.0/webrick/httpresponse.rb:326 - WEBrick::HTTPStatus::MovedPermanently
Exception `WEBrick::HTTPStatus::TemporaryRedirect' at /usr/local/lib/ruby/2.1.0/webrick/httpresponse.rb:326 - WEBrick::HTTPStatus::TemporaryRedirect
Exception `WEBrick::HTTPStatus::Found' at /usr/local/lib/ruby/2.1.0/webrick/httpresponse.rb:326 - WEBrick::HTTPStatus::Found
Exception `WEBrick::HTTPStatus::EOFError' at /usr/local/lib/ruby/2.1.0/webrick/httpserver.rb:80 - WEBrick::HTTPStatus::EOFError
Exception `WEBrick::HTTPStatus::EOFError' at /usr/local/lib/ruby/2.1.0/webrick/httpserver.rb:80 - WEBrick::HTTPStatus::EOFError
Exception `WEBrick::HTTPStatus::NotFound' at /usr/local/lib/ruby/2.1.0/webrick/httpservlet/filehandler.rb:331 - `/notfound' not found.
Exception `HTTPClient::BadResponseError' at /mnt/home/nahi/git/httpclient/lib/httpclient.rb:975 - unexpected response: #&lt;HTTP::Message::Headers:0x007fda6662b428 @http_version="1.1", @body_size=0, @chunked=false, @request_method="GET", @request_uri=#&lt;URI::HTTP:0x007fda6662b888 URL:http://localhost:48939/notfound&gt;, @request_query=nil, @request_absolute_uri=nil, @status_code=404, @reason_phrase="Not Found ", @body_type=nil, @body_charset=nil, @body_date=nil, @body_encoding=#&lt;Encoding:ISO-8859-1&gt;, @is_request=false, @header_item=[["Content-Type", "text/html; charset=ISO-8859-1"], ["Server", "WEBrick/1.3.1 (Ruby/2.1.0/2013-12-02) OpenSSL/1.0.1e"], ["Date", "Mon, 02 Dec 2013 15:50:23 GMT"], ["Content-Length", "294"], ["Connection", "close"]], @dumped=false&gt;
Exception `WEBrick::HTTPStatus::EOFError' at /usr/local/lib/ruby/2.1.0/webrick/httpserver.rb:79 - WEBrick::HTTPStatus::EOFError
Exception `WEBrick::HTTPStatus::Found' at /usr/local/lib/ruby/2.1.0/webrick/httpresponse.rb:326 - WEBrick::HTTPStatus::Found
Exception `WEBrick::HTTPStatus::Found' at /usr/local/lib/ruby/2.1.0/webrick/httpresponse.rb:326 - WEBrick::HTTPStatus::Found
Exception `WEBrick::HTTPStatus::Found' at /usr/local/lib/ruby/2.1.0/webrick/httpresponse.rb:326 - WEBrick::HTTPStatus::Found
Exception `WEBrick::HTTPStatus::Found' at /usr/local/lib/ruby/2.1.0/webrick/httpresponse.rb:326 - WEBrick::HTTPStatus::Found
Exception `WEBrick::HTTPStatus::Found' at /usr/local/lib/ruby/2.1.0/webrick/httpresponse.rb:326 - WEBrick::HTTPStatus::Found
Exception `WEBrick::HTTPStatus::Found' at /usr/local/lib/ruby/2.1.0/webrick/httpresponse.rb:326 - WEBrick::HTTPStatus::Found
Exception `WEBrick::HTTPStatus::Found' at /usr/local/lib/ruby/2.1.0/webrick/httpresponse.rb:326 - WEBrick::HTTPStatus::Found
Exception `WEBrick::HTTPStatus::Found' at /usr/local/lib/ruby/2.1.0/webrick/httpresponse.rb:326 - WEBrick::HTTPStatus::Found
Exception `WEBrick::HTTPStatus::Found' at /usr/local/lib/ruby/2.1.0/webrick/httpresponse.rb:326 - WEBrick::HTTPStatus::Found
Exception `WEBrick::HTTPStatus::Found' at /usr/local/lib/ruby/2.1.0/webrick/httpresponse.rb:326 - WEBrick::HTTPStatus::Found
Exception `HTTPClient::BadResponseError' at /mnt/home/nahi/git/httpclient/lib/httpclient.rb:968 - retry count exceeded
Exception `WEBrick::HTTPStatus::Found' at /usr/local/lib/ruby/2.1.0/webrick/httpresponse.rb:326 - WEBrick::HTTPStatus::Found
Exception `WEBrick::HTTPStatus::EOFError' at /usr/local/lib/ruby/2.1.0/webrick/httpserver.rb:80 - WEBrick::HTTPStatus::EOFError
Exception `WEBrick::HTTPStatus::MovedPermanently' at /usr/local/lib/ruby/2.1.0/webrick/httpresponse.rb:326 - WEBrick::HTTPStatus::MovedPermanently
Exception `WEBrick::HTTPStatus::TemporaryRedirect' at /usr/local/lib/ruby/2.1.0/webrick/httpresponse.rb:326 - WEBrick::HTTPStatus::TemporaryRedirect
Exception `WEBrick::HTTPStatus::Found' at /usr/local/lib/ruby/2.1.0/webrick/httpresponse.rb:326 - WEBrick::HTTPStatus::Found
Exception `WEBrick::HTTPStatus::EOFError' at /usr/local/lib/ruby/2.1.0/webrick/httpserver.rb:80 - WEBrick::HTTPStatus::EOFError
Exception `WEBrick::HTTPStatus::MovedPermanently' at /usr/local/lib/ruby/2.1.0/webrick/httpresponse.rb:326 - WEBrick::HTTPStatus::MovedPermanently
Exception `Interrupt' at /mnt/home/nahi/git/httpclient/lib/httpclient/session.rb:957 - 
Exception `Interrupt' at /mnt/home/nahi/git/httpclient/bundle/ruby21/ruby/2.1.0/gems/test-unit-2.5.5/lib/test/unit/testcase.rb:436 - 
  </system-err>
</testsuite>
