<?xml version="1.0" encoding="UTF-8"?>
<testsuite name="TestCookieManager" tests="14" time="0.040153747" failures="0" errors="0" skipped="0" assertions="81">
  <testcase name="test_add" time="0.002104388" assertions="3">
  </testcase>
  <testcase name="test_add2" time="0.002020538" assertions="2">
  </testcase>
  <testcase name="test_check_cookie_accept_domain" time="0.009396668" assertions="7">
  </testcase>
  <testcase name="test_check_expired_cookies" time="0.001475665" assertions="1">
  </testcase>
  <testcase name="test_find_cookie" time="0.010231314" assertions="1">
  </testcase>
  <testcase name="test_load_cookies" time="0.001342934" assertions="16">
  </testcase>
  <testcase name="test_not_saved_expired_cookies" time="0.001559762" assertions="1">
  </testcase>
  <testcase name="test_parse" time="0.000985309" assertions="5">
  </testcase>
  <testcase name="test_parse2" time="0.000975525" assertions="6">
  </testcase>
  <testcase name="test_parse3" time="0.000955535" assertions="8">
  </testcase>
  <testcase name="test_parse_after_expiration" time="0.001256179" assertions="9">
  </testcase>
  <testcase name="test_parse_double_semicolon" time="0.000929801" assertions="6">
  </testcase>
  <testcase name="test_parse_expires" time="0.001644574" assertions="12">
  </testcase>
  <testcase name="test_save_cookie" time="0.001855516" assertions="4">
  </testcase>
  <system-out>
  </system-out>
  <system-err>
  </system-err>
</testsuite>
