<?xml version="1.0" encoding="UTF-8"?>
<testsuite name="HTTPAccess2::TestClient" tests="26" time="7.603895642" failures="0" errors="0" skipped="0" assertions="104">
  <testcase name="test_agent_name" time="0.017188423" assertions="2">
  </testcase>
  <testcase name="test_connect_timeout" time="0.002832879" assertions="0">
  </testcase>
  <testcase name="test_cookies" time="0.006001353" assertions="1">
  </testcase>
  <testcase name="test_debug_dev" time="0.011921222" assertions="2">
  </testcase>
  <testcase name="test_delete" time="0.051199433" assertions="2">
  </testcase>
  <testcase name="test_extra_headers" time="0.016006291" assertions="5">
  </testcase>
  <testcase name="test_from" time="0.009970529" assertions="2">
  </testcase>
  <testcase name="test_get" time="0.052878984" assertions="2">
  </testcase>
  <testcase name="test_get_content" time="0.769556348" assertions="7">
  </testcase>
  <testcase name="test_get_query" time="0.351177154" assertions="8">
  </testcase>
  <testcase name="test_head" time="0.031884708" assertions="2">
  </testcase>
  <testcase name="test_initialize" time="0.037634137" assertions="3">
  </testcase>
  <testcase name="test_no_proxy" time="0.094646097" assertions="12">
  </testcase>
  <testcase name="test_noproxy_for_localhost" time="0.01376434" assertions="2">
  </testcase>
  <testcase name="test_options" time="0.059349588" assertions="2">
  </testcase>
  <testcase name="test_post" time="0.055248351" assertions="2">
  </testcase>
  <testcase name="test_post_body" time="0.425661961" assertions="9">
  </testcase>
  <testcase name="test_post_content" time="0.273318774" assertions="7">
  </testcase>
  <testcase name="test_protocol_version_http10" time="0.0218188" assertions="5">
  </testcase>
  <testcase name="test_protocol_version_http11" time="0.04638714" assertions="10">
  </testcase>
  <testcase name="test_proxy" time="0.043059185" assertions="8">
  </testcase>
  <testcase name="test_put" time="0.055218273" assertions="2">
  </testcase>
  <testcase name="test_receive_timeout" time="5.049932643" assertions="4">
  </testcase>
  <testcase name="test_send_timeout" time="0.009204754" assertions="0">
  </testcase>
  <testcase name="test_timeout" time="0.011004102" assertions="3">
  </testcase>
  <testcase name="test_trace" time="0.069505171" assertions="2">
  </testcase>
  <system-out>
redirect to: http://localhost:36939/hello
redirect to: http://localhost:36939/redirect3
redirect to: http://localhost:36939/hello
redirect to: http://localhost:36939/redirect_self
redirect to: http://localhost:36939/redirect_self
redirect to: http://localhost:36939/redirect_self
redirect to: http://localhost:36939/redirect_self
redirect to: http://localhost:36939/redirect_self
redirect to: http://localhost:36939/redirect_self
redirect to: http://localhost:36939/redirect_self
redirect to: http://localhost:36939/redirect_self
redirect to: http://localhost:36939/redirect_self
redirect to: http://localhost:36939/redirect_self
redirect to: http://localhost:39018/hello
redirect to: http://localhost:39018/redirect3
redirect to: http://localhost:39018/hello
redirect to: http://localhost:39018/redirect_self
redirect to: http://localhost:39018/redirect_self
redirect to: http://localhost:39018/redirect_self
redirect to: http://localhost:39018/redirect_self
redirect to: http://localhost:39018/redirect_self
redirect to: http://localhost:39018/redirect_self
redirect to: http://localhost:39018/redirect_self
redirect to: http://localhost:39018/redirect_self
redirect to: http://localhost:39018/redirect_self
redirect to: http://localhost:39018/redirect_self
  </system-out>
  <system-err>
Exception `WEBrick::HTTPStatus::EOFError' at /usr/local/lib/ruby/2.1.0/webrick/httpserver.rb:80 - WEBrick::HTTPStatus::EOFError
Exception `Errno::EBADF' at /usr/local/lib/ruby/2.1.0/webrick/server.rb:170 - Bad file descriptor
Exception `IOError' at /usr/local/lib/ruby/2.1.0/webrick/server.rb:170 - closed stream
Exception `WEBrick::HTTPStatus::EOFError' at /usr/local/lib/ruby/2.1.0/webrick/httpserver.rb:80 - WEBrick::HTTPStatus::EOFError
Exception `WEBrick::HTTPStatus::EOFError' at /usr/local/lib/ruby/2.1.0/webrick/httpserver.rb:80 - WEBrick::HTTPStatus::EOFError
Exception `IOError' at /usr/local/lib/ruby/2.1.0/webrick/server.rb:170 - closed stream
Exception `WEBrick::HTTPStatus::EOFError' at /usr/local/lib/ruby/2.1.0/webrick/httpserver.rb:80 - WEBrick::HTTPStatus::EOFError
Exception `WEBrick::HTTPStatus::EOFError' at /usr/local/lib/ruby/2.1.0/webrick/httpserver.rb:80 - WEBrick::HTTPStatus::EOFError
Exception `WEBrick::HTTPStatus::EOFError' at /usr/local/lib/ruby/2.1.0/webrick/httpserver.rb:80 - WEBrick::HTTPStatus::EOFError
Exception `WEBrick::HTTPStatus::EOFError' at /usr/local/lib/ruby/2.1.0/webrick/httpserver.rb:80 - WEBrick::HTTPStatus::EOFError
Exception `IOError' at /usr/local/lib/ruby/2.1.0/webrick/server.rb:170 - closed stream
Exception `WEBrick::HTTPStatus::MovedPermanently' at /usr/local/lib/ruby/2.1.0/webrick/httpresponse.rb:326 - WEBrick::HTTPStatus::MovedPermanently
Exception `WEBrick::HTTPStatus::TemporaryRedirect' at /usr/local/lib/ruby/2.1.0/webrick/httpresponse.rb:326 - WEBrick::HTTPStatus::TemporaryRedirect
Exception `WEBrick::HTTPStatus::Found' at /usr/local/lib/ruby/2.1.0/webrick/httpresponse.rb:326 - WEBrick::HTTPStatus::Found
Exception `WEBrick::HTTPStatus::NotFound' at /usr/local/lib/ruby/2.1.0/webrick/httpservlet/filehandler.rb:331 - `/notfound' not found.
Exception `HTTPClient::BadResponseError' at /mnt/home/nahi/git/httpclient/lib/httpclient.rb:975 - unexpected response: #&lt;HTTP::Message::Headers:0x007fda65ac9508 @http_version="1.1", @body_size=0, @chunked=false, @request_method="GET", @request_uri=#&lt;URI::HTTP:0x007fda65ac9a58 URL:http://localhost:36939/notfound&gt;, @request_query=nil, @request_absolute_uri=nil, @status_code=404, @reason_phrase="Not Found ", @body_type=nil, @body_charset=nil, @body_date=nil, @body_encoding=#&lt;Encoding:ISO-8859-1&gt;, @is_request=false, @header_item=[["Content-Type", "text/html; charset=ISO-8859-1"], ["Server", "WEBrick/1.3.1 (Ruby/2.1.0/2013-12-02) OpenSSL/1.0.1e"], ["Date", "Mon, 02 Dec 2013 15:50:15 GMT"], ["Content-Length", "294"], ["Connection", "close"]], @dumped=false&gt;
Exception `WEBrick::HTTPStatus::Found' at /usr/local/lib/ruby/2.1.0/webrick/httpresponse.rb:326 - WEBrick::HTTPStatus::Found
Exception `WEBrick::HTTPStatus::Found' at /usr/local/lib/ruby/2.1.0/webrick/httpresponse.rb:326 - WEBrick::HTTPStatus::Found
Exception `WEBrick::HTTPStatus::Found' at /usr/local/lib/ruby/2.1.0/webrick/httpresponse.rb:326 - WEBrick::HTTPStatus::Found
Exception `WEBrick::HTTPStatus::Found' at /usr/local/lib/ruby/2.1.0/webrick/httpresponse.rb:326 - WEBrick::HTTPStatus::Found
Exception `WEBrick::HTTPStatus::Found' at /usr/local/lib/ruby/2.1.0/webrick/httpresponse.rb:326 - WEBrick::HTTPStatus::Found
Exception `WEBrick::HTTPStatus::Found' at /usr/local/lib/ruby/2.1.0/webrick/httpresponse.rb:326 - WEBrick::HTTPStatus::Found
Exception `WEBrick::HTTPStatus::Found' at /usr/local/lib/ruby/2.1.0/webrick/httpresponse.rb:326 - WEBrick::HTTPStatus::Found
Exception `WEBrick::HTTPStatus::Found' at /usr/local/lib/ruby/2.1.0/webrick/httpresponse.rb:326 - WEBrick::HTTPStatus::Found
Exception `WEBrick::HTTPStatus::Found' at /usr/local/lib/ruby/2.1.0/webrick/httpresponse.rb:326 - WEBrick::HTTPStatus::Found
Exception `WEBrick::HTTPStatus::Found' at /usr/local/lib/ruby/2.1.0/webrick/httpresponse.rb:326 - WEBrick::HTTPStatus::Found
Exception `HTTPClient::BadResponseError' at /mnt/home/nahi/git/httpclient/lib/httpclient.rb:968 - retry count exceeded
Exception `WEBrick::HTTPStatus::Found' at /usr/local/lib/ruby/2.1.0/webrick/httpresponse.rb:326 - WEBrick::HTTPStatus::Found
Exception `WEBrick::HTTPStatus::EOFError' at /usr/local/lib/ruby/2.1.0/webrick/httpserver.rb:80 - WEBrick::HTTPStatus::EOFError
Exception `IOError' at /usr/local/lib/ruby/2.1.0/webrick/server.rb:170 - closed stream
Exception `WEBrick::HTTPStatus::EOFError' at /usr/local/lib/ruby/2.1.0/webrick/httpserver.rb:80 - WEBrick::HTTPStatus::EOFError
Exception `WEBrick::HTTPStatus::EOFError' at /usr/local/lib/ruby/2.1.0/webrick/httpserver.rb:80 - WEBrick::HTTPStatus::EOFError
Exception `IO::EAGAINWaitReadable' at /usr/local/lib/ruby/2.1.0/net/protocol.rb:153 - Resource temporarily unavailable - read would block
Exception `WEBrick::HTTPStatus::EOFError' at /usr/local/lib/ruby/2.1.0/webrick/httpserver.rb:80 - WEBrick::HTTPStatus::EOFError
Exception `WEBrick::HTTPStatus::EOFError' at /usr/local/lib/ruby/2.1.0/webrick/httpserver.rb:80 - WEBrick::HTTPStatus::EOFError
Exception `WEBrick::HTTPStatus::EOFError' at /usr/local/lib/ruby/2.1.0/webrick/httpserver.rb:80 - WEBrick::HTTPStatus::EOFError
Exception `IO::EAGAINWaitReadable' at /usr/local/lib/ruby/2.1.0/net/protocol.rb:153 - Resource temporarily unavailable - read would block
Exception `WEBrick::HTTPStatus::EOFError' at /usr/local/lib/ruby/2.1.0/webrick/httpserver.rb:80 - WEBrick::HTTPStatus::EOFError
Exception `WEBrick::HTTPStatus::EOFError' at /usr/local/lib/ruby/2.1.0/webrick/httpserver.rb:80 - WEBrick::HTTPStatus::EOFError
Exception `IO::EAGAINWaitReadable' at /usr/local/lib/ruby/2.1.0/net/protocol.rb:153 - Resource temporarily unavailable - read would block
Exception `WEBrick::HTTPStatus::EOFError' at /usr/local/lib/ruby/2.1.0/webrick/httpserver.rb:80 - WEBrick::HTTPStatus::EOFError
Exception `WEBrick::HTTPStatus::EOFError' at /usr/local/lib/ruby/2.1.0/webrick/httpserver.rb:80 - WEBrick::HTTPStatus::EOFError
Exception `WEBrick::HTTPStatus::EOFError' at /usr/local/lib/ruby/2.1.0/webrick/httpserver.rb:80 - WEBrick::HTTPStatus::EOFError
Exception `IOError' at /usr/local/lib/ruby/2.1.0/webrick/server.rb:170 - closed stream
Exception `WEBrick::HTTPStatus::EOFError' at /usr/local/lib/ruby/2.1.0/webrick/httpserver.rb:80 - WEBrick::HTTPStatus::EOFError
Exception `WEBrick::HTTPStatus::EOFError' at /usr/local/lib/ruby/2.1.0/webrick/httpserver.rb:80 - WEBrick::HTTPStatus::EOFError
Exception `IOError' at /usr/local/lib/ruby/2.1.0/webrick/server.rb:170 - closed stream
Exception `WEBrick::HTTPStatus::EOFError' at /usr/local/lib/ruby/2.1.0/webrick/httpserver.rb:80 - WEBrick::HTTPStatus::EOFError
Exception `WEBrick::HTTPStatus::LengthRequired' at /usr/local/lib/ruby/2.1.0/webrick/httprequest.rb:484 - WEBrick::HTTPStatus::LengthRequired
Exception `HTTPClient::KeepAliveDisconnected' at /mnt/home/nahi/git/httpclient/lib/httpclient/session.rb:884 - HTTPClient::KeepAliveDisconnected
Exception `HTTPClient::KeepAliveDisconnected' at /mnt/home/nahi/git/httpclient/lib/httpclient/session.rb:670 - HTTPClient::KeepAliveDisconnected
Exception `WEBrick::HTTPStatus::MovedPermanently' at /usr/local/lib/ruby/2.1.0/webrick/httpresponse.rb:326 - WEBrick::HTTPStatus::MovedPermanently
Exception `WEBrick::HTTPStatus::LengthRequired' at /usr/local/lib/ruby/2.1.0/webrick/httprequest.rb:484 - WEBrick::HTTPStatus::LengthRequired
Exception `HTTPClient::KeepAliveDisconnected' at /mnt/home/nahi/git/httpclient/lib/httpclient/session.rb:884 - HTTPClient::KeepAliveDisconnected
Exception `HTTPClient::KeepAliveDisconnected' at /mnt/home/nahi/git/httpclient/lib/httpclient/session.rb:670 - HTTPClient::KeepAliveDisconnected
Exception `WEBrick::HTTPStatus::LengthRequired' at /usr/local/lib/ruby/2.1.0/webrick/httprequest.rb:484 - WEBrick::HTTPStatus::LengthRequired
Exception `HTTPClient::KeepAliveDisconnected' at /mnt/home/nahi/git/httpclient/lib/httpclient/session.rb:884 - HTTPClient::KeepAliveDisconnected
Exception `HTTPClient::KeepAliveDisconnected' at /mnt/home/nahi/git/httpclient/lib/httpclient/session.rb:670 - HTTPClient::KeepAliveDisconnected
Exception `WEBrick::HTTPStatus::TemporaryRedirect' at /usr/local/lib/ruby/2.1.0/webrick/httpresponse.rb:326 - WEBrick::HTTPStatus::TemporaryRedirect
Exception `WEBrick::HTTPStatus::LengthRequired' at /usr/local/lib/ruby/2.1.0/webrick/httprequest.rb:484 - WEBrick::HTTPStatus::LengthRequired
Exception `HTTPClient::KeepAliveDisconnected' at /mnt/home/nahi/git/httpclient/lib/httpclient/session.rb:884 - HTTPClient::KeepAliveDisconnected
Exception `HTTPClient::KeepAliveDisconnected' at /mnt/home/nahi/git/httpclient/lib/httpclient/session.rb:670 - HTTPClient::KeepAliveDisconnected
Exception `WEBrick::HTTPStatus::Found' at /usr/local/lib/ruby/2.1.0/webrick/httpresponse.rb:326 - WEBrick::HTTPStatus::Found
Exception `WEBrick::HTTPStatus::LengthRequired' at /usr/local/lib/ruby/2.1.0/webrick/httprequest.rb:484 - WEBrick::HTTPStatus::LengthRequired
Exception `HTTPClient::KeepAliveDisconnected' at /mnt/home/nahi/git/httpclient/lib/httpclient/session.rb:884 - HTTPClient::KeepAliveDisconnected
Exception `HTTPClient::KeepAliveDisconnected' at /mnt/home/nahi/git/httpclient/lib/httpclient/session.rb:670 - HTTPClient::KeepAliveDisconnected
Exception `WEBrick::HTTPStatus::LengthRequired' at /usr/local/lib/ruby/2.1.0/webrick/httprequest.rb:484 - WEBrick::HTTPStatus::LengthRequired
Exception `HTTPClient::KeepAliveDisconnected' at /mnt/home/nahi/git/httpclient/lib/httpclient/session.rb:884 - HTTPClient::KeepAliveDisconnected
Exception `HTTPClient::KeepAliveDisconnected' at /mnt/home/nahi/git/httpclient/lib/httpclient/session.rb:670 - HTTPClient::KeepAliveDisconnected
Exception `WEBrick::HTTPStatus::NotFound' at /usr/local/lib/ruby/2.1.0/webrick/httpservlet/filehandler.rb:331 - `/notfound' not found.
Exception `HTTPClient::BadResponseError' at /mnt/home/nahi/git/httpclient/lib/httpclient.rb:975 - unexpected response: #&lt;HTTP::Message::Headers:0x007fda659e4d68 @http_version="1.1", @body_size=0, @chunked=false, @request_method="POST", @request_uri=#&lt;URI::HTTP:0x007fda659e76a8 URL:http://localhost:39018/notfound&gt;, @request_query=nil, @request_absolute_uri=nil, @status_code=404, @reason_phrase="Not Found ", @body_type=nil, @body_charset=nil, @body_date=nil, @body_encoding=#&lt;Encoding:ISO-8859-1&gt;, @is_request=false, @header_item=[["Content-Type", "text/html; charset=ISO-8859-1"], ["Server", "WEBrick/1.3.1 (Ruby/2.1.0/2013-12-02) OpenSSL/1.0.1e"], ["Date", "Mon, 02 Dec 2013 15:50:16 GMT"], ["Content-Length", "294"], ["Connection", "close"]], @dumped=false&gt;
Exception `WEBrick::HTTPStatus::Found' at /usr/local/lib/ruby/2.1.0/webrick/httpresponse.rb:326 - WEBrick::HTTPStatus::Found
Exception `WEBrick::HTTPStatus::LengthRequired' at /usr/local/lib/ruby/2.1.0/webrick/httprequest.rb:484 - WEBrick::HTTPStatus::LengthRequired
Exception `HTTPClient::KeepAliveDisconnected' at /mnt/home/nahi/git/httpclient/lib/httpclient/session.rb:884 - HTTPClient::KeepAliveDisconnected
Exception `HTTPClient::KeepAliveDisconnected' at /mnt/home/nahi/git/httpclient/lib/httpclient/session.rb:670 - HTTPClient::KeepAliveDisconnected
Exception `WEBrick::HTTPStatus::Found' at /usr/local/lib/ruby/2.1.0/webrick/httpresponse.rb:326 - WEBrick::HTTPStatus::Found
Exception `WEBrick::HTTPStatus::LengthRequired' at /usr/local/lib/ruby/2.1.0/webrick/httprequest.rb:484 - WEBrick::HTTPStatus::LengthRequired
Exception `HTTPClient::KeepAliveDisconnected' at /mnt/home/nahi/git/httpclient/lib/httpclient/session.rb:884 - HTTPClient::KeepAliveDisconnected
Exception `HTTPClient::KeepAliveDisconnected' at /mnt/home/nahi/git/httpclient/lib/httpclient/session.rb:670 - HTTPClient::KeepAliveDisconnected
Exception `WEBrick::HTTPStatus::Found' at /usr/local/lib/ruby/2.1.0/webrick/httpresponse.rb:326 - WEBrick::HTTPStatus::Found
Exception `WEBrick::HTTPStatus::LengthRequired' at /usr/local/lib/ruby/2.1.0/webrick/httprequest.rb:484 - WEBrick::HTTPStatus::LengthRequired
Exception `HTTPClient::KeepAliveDisconnected' at /mnt/home/nahi/git/httpclient/lib/httpclient/session.rb:884 - HTTPClient::KeepAliveDisconnected
Exception `HTTPClient::KeepAliveDisconnected' at /mnt/home/nahi/git/httpclient/lib/httpclient/session.rb:670 - HTTPClient::KeepAliveDisconnected
Exception `WEBrick::HTTPStatus::Found' at /usr/local/lib/ruby/2.1.0/webrick/httpresponse.rb:326 - WEBrick::HTTPStatus::Found
Exception `WEBrick::HTTPStatus::LengthRequired' at /usr/local/lib/ruby/2.1.0/webrick/httprequest.rb:484 - WEBrick::HTTPStatus::LengthRequired
Exception `HTTPClient::KeepAliveDisconnected' at /mnt/home/nahi/git/httpclient/lib/httpclient/session.rb:884 - HTTPClient::KeepAliveDisconnected
Exception `HTTPClient::KeepAliveDisconnected' at /mnt/home/nahi/git/httpclient/lib/httpclient/session.rb:670 - HTTPClient::KeepAliveDisconnected
Exception `WEBrick::HTTPStatus::Found' at /usr/local/lib/ruby/2.1.0/webrick/httpresponse.rb:326 - WEBrick::HTTPStatus::Found
Exception `WEBrick::HTTPStatus::LengthRequired' at /usr/local/lib/ruby/2.1.0/webrick/httprequest.rb:484 - WEBrick::HTTPStatus::LengthRequired
Exception `HTTPClient::KeepAliveDisconnected' at /mnt/home/nahi/git/httpclient/lib/httpclient/session.rb:884 - HTTPClient::KeepAliveDisconnected
Exception `HTTPClient::KeepAliveDisconnected' at /mnt/home/nahi/git/httpclient/lib/httpclient/session.rb:670 - HTTPClient::KeepAliveDisconnected
Exception `WEBrick::HTTPStatus::Found' at /usr/local/lib/ruby/2.1.0/webrick/httpresponse.rb:326 - WEBrick::HTTPStatus::Found
Exception `WEBrick::HTTPStatus::LengthRequired' at /usr/local/lib/ruby/2.1.0/webrick/httprequest.rb:484 - WEBrick::HTTPStatus::LengthRequired
Exception `HTTPClient::KeepAliveDisconnected' at /mnt/home/nahi/git/httpclient/lib/httpclient/session.rb:884 - HTTPClient::KeepAliveDisconnected
Exception `HTTPClient::KeepAliveDisconnected' at /mnt/home/nahi/git/httpclient/lib/httpclient/session.rb:670 - HTTPClient::KeepAliveDisconnected
Exception `WEBrick::HTTPStatus::Found' at /usr/local/lib/ruby/2.1.0/webrick/httpresponse.rb:326 - WEBrick::HTTPStatus::Found
Exception `WEBrick::HTTPStatus::LengthRequired' at /usr/local/lib/ruby/2.1.0/webrick/httprequest.rb:484 - WEBrick::HTTPStatus::LengthRequired
Exception `HTTPClient::KeepAliveDisconnected' at /mnt/home/nahi/git/httpclient/lib/httpclient/session.rb:884 - HTTPClient::KeepAliveDisconnected
Exception `HTTPClient::KeepAliveDisconnected' at /mnt/home/nahi/git/httpclient/lib/httpclient/session.rb:670 - HTTPClient::KeepAliveDisconnected
Exception `WEBrick::HTTPStatus::Found' at /usr/local/lib/ruby/2.1.0/webrick/httpresponse.rb:326 - WEBrick::HTTPStatus::Found
Exception `WEBrick::HTTPStatus::LengthRequired' at /usr/local/lib/ruby/2.1.0/webrick/httprequest.rb:484 - WEBrick::HTTPStatus::LengthRequired
Exception `HTTPClient::KeepAliveDisconnected' at /mnt/home/nahi/git/httpclient/lib/httpclient/session.rb:884 - HTTPClient::KeepAliveDisconnected
Exception `HTTPClient::KeepAliveDisconnected' at /mnt/home/nahi/git/httpclient/lib/httpclient/session.rb:670 - HTTPClient::KeepAliveDisconnected
Exception `WEBrick::HTTPStatus::Found' at /usr/local/lib/ruby/2.1.0/webrick/httpresponse.rb:326 - WEBrick::HTTPStatus::Found
Exception `WEBrick::HTTPStatus::LengthRequired' at /usr/local/lib/ruby/2.1.0/webrick/httprequest.rb:484 - WEBrick::HTTPStatus::LengthRequired
Exception `HTTPClient::KeepAliveDisconnected' at /mnt/home/nahi/git/httpclient/lib/httpclient/session.rb:884 - HTTPClient::KeepAliveDisconnected
Exception `HTTPClient::KeepAliveDisconnected' at /mnt/home/nahi/git/httpclient/lib/httpclient/session.rb:670 - HTTPClient::KeepAliveDisconnected
Exception `WEBrick::HTTPStatus::Found' at /usr/local/lib/ruby/2.1.0/webrick/httpresponse.rb:326 - WEBrick::HTTPStatus::Found
Exception `WEBrick::HTTPStatus::LengthRequired' at /usr/local/lib/ruby/2.1.0/webrick/httprequest.rb:484 - WEBrick::HTTPStatus::LengthRequired
Exception `HTTPClient::BadResponseError' at /mnt/home/nahi/git/httpclient/lib/httpclient.rb:968 - retry count exceeded
Exception `HTTPClient::KeepAliveDisconnected' at /mnt/home/nahi/git/httpclient/lib/httpclient/session.rb:884 - HTTPClient::KeepAliveDisconnected
Exception `HTTPClient::KeepAliveDisconnected' at /mnt/home/nahi/git/httpclient/lib/httpclient/session.rb:670 - HTTPClient::KeepAliveDisconnected
Exception `WEBrick::HTTPStatus::Found' at /usr/local/lib/ruby/2.1.0/webrick/httpresponse.rb:326 - WEBrick::HTTPStatus::Found
Exception `WEBrick::HTTPStatus::LengthRequired' at /usr/local/lib/ruby/2.1.0/webrick/httprequest.rb:484 - WEBrick::HTTPStatus::LengthRequired
Exception `HTTPClient::KeepAliveDisconnected' at /mnt/home/nahi/git/httpclient/lib/httpclient/session.rb:884 - HTTPClient::KeepAliveDisconnected
Exception `HTTPClient::KeepAliveDisconnected' at /mnt/home/nahi/git/httpclient/lib/httpclient/session.rb:670 - HTTPClient::KeepAliveDisconnected
Exception `WEBrick::HTTPStatus::LengthRequired' at /usr/local/lib/ruby/2.1.0/webrick/httprequest.rb:484 - WEBrick::HTTPStatus::LengthRequired
Exception `IOError' at /usr/local/lib/ruby/2.1.0/webrick/server.rb:170 - closed stream
Exception `IOError' at /usr/local/lib/ruby/2.1.0/webrick/server.rb:170 - closed stream
Exception `WEBrick::HTTPStatus::EOFError' at /usr/local/lib/ruby/2.1.0/webrick/httpserver.rb:80 - WEBrick::HTTPStatus::EOFError
Exception `WEBrick::HTTPStatus::EOFError' at /usr/local/lib/ruby/2.1.0/webrick/httpserver.rb:80 - WEBrick::HTTPStatus::EOFError
Exception `IOError' at /usr/local/lib/ruby/2.1.0/webrick/server.rb:170 - closed stream
Exception `URI::InvalidURIError' at /usr/local/lib/ruby/2.1.0/uri/common.rb:146 - bad URI(absolute but no path): http://
Exception `WEBrick::HTTPStatus::EOFError' at /usr/local/lib/ruby/2.1.0/webrick/httpserver.rb:80 - WEBrick::HTTPStatus::EOFError
Exception `IO::EAGAINWaitReadable' at /usr/local/lib/ruby/2.1.0/net/protocol.rb:153 - Resource temporarily unavailable - read would block
Exception `WEBrick::HTTPStatus::EOFError' at /usr/local/lib/ruby/2.1.0/webrick/httpserver.rb:80 - WEBrick::HTTPStatus::EOFError
Exception `WEBrick::HTTPStatus::EOFError' at /usr/local/lib/ruby/2.1.0/webrick/httpserver.rb:80 - WEBrick::HTTPStatus::EOFError
Exception `WEBrick::HTTPStatus::EOFError' at /usr/local/lib/ruby/2.1.0/webrick/httpserver.rb:80 - WEBrick::HTTPStatus::EOFError
Exception `HTTPClient::ReceiveTimeoutError' at /mnt/home/nahi/git/httpclient/lib/httpclient/session.rb:881 - execution expired
Exception `HTTPClient::ReceiveTimeoutError' at /usr/local/lib/ruby/2.1.0/timeout.rb:98 - execution expired
Exception `HTTPClient::ReceiveTimeoutError' at /mnt/home/nahi/git/httpclient/lib/httpclient/session.rb:670 - execution expired
Exception `Errno::EPIPE' at /usr/local/lib/ruby/2.1.0/webrick/httpresponse.rb:460 - Broken pipe
Exception `WEBrick::HTTPStatus::EOFError' at /usr/local/lib/ruby/2.1.0/webrick/httpserver.rb:80 - WEBrick::HTTPStatus::EOFError
Exception `Errno::EINVAL' at /usr/local/lib/ruby/2.1.0/webrick/server.rb:261 - Invalid argument - accept(2)
Exception `WEBrick::HTTPStatus::EOFError' at /usr/local/lib/ruby/2.1.0/webrick/httpserver.rb:80 - WEBrick::HTTPStatus::EOFError
Exception `IOError' at /usr/local/lib/ruby/2.1.0/webrick/server.rb:170 - closed stream
  </system-err>
</testsuite>
