<?xml version="1.0" encoding="UTF-8"?>
<testsuite name="TestCookie" tests="7" time="0.031314782" failures="0" errors="0" skipped="0" assertions="43">
  <testcase name="test_discard?" time="0.002121387" assertions="2">
  </testcase>
  <testcase name="test_domain_match" time="0.005498976" assertions="9">
  </testcase>
  <testcase name="test_head_match?" time="0.004297882" assertions="8">
  </testcase>
  <testcase name="test_join_quotedstr" time="0.003062808" assertions="3">
  </testcase>
  <testcase name="test_match" time="0.004556783" assertions="12">
  </testcase>
  <testcase name="test_s_new" time="0.003785869" assertions="1">
  </testcase>
  <testcase name="test_tail_match?" time="0.003337379" assertions="8">
  </testcase>
  <system-out>
  </system-out>
  <system-err>
  </system-err>
</testsuite>
