<?xml version="1.0" encoding="UTF-8"?>
<testsuite name="TestSSL" tests="6" time="1.364721588" failures="0" errors="0" skipped="0" assertions="31">
  <testcase name="test_ciphers" time="0.314971752" assertions="4">
  </testcase>
  <testcase name="test_debug_dev" time="0.180549809" assertions="2">
  </testcase>
  <testcase name="test_options" time="0.109182463" assertions="9">
  </testcase>
  <testcase name="test_set_default_paths" time="0.197267769" assertions="1">
  </testcase>
  <testcase name="test_sync" time="0.24674528" assertions="2">
  </testcase>
  <testcase name="test_verification" time="0.312765839" assertions="13">
  </testcase>
  <system-out>
["client", false, #&lt;OpenSSL::X509::StoreContext:0x007fda64c64030&gt;]
["client", false, #&lt;OpenSSL::X509::StoreContext:0x007fda64b474b8&gt;]
["client", false, #&lt;OpenSSL::X509::StoreContext:0x007fda64c4ede8&gt;]
["client", true, #&lt;OpenSSL::X509::StoreContext:0x007fda64c254e8&gt;]
["client", true, #&lt;OpenSSL::X509::StoreContext:0x007fda64c25038&gt;]
["client", true, #&lt;OpenSSL::X509::StoreContext:0x007fda64c24c28&gt;]
["client", false, #&lt;OpenSSL::X509::StoreContext:0x007fda64bb0260&gt;]
["client", true, #&lt;OpenSSL::X509::StoreContext:0x007fda64ba7ae8&gt;]
["client", true, #&lt;OpenSSL::X509::StoreContext:0x007fda64ba7638&gt;]
["client", true, #&lt;OpenSSL::X509::StoreContext:0x007fda64ba7278&gt;]
["client", false, #&lt;OpenSSL::X509::StoreContext:0x007fda64b7d0b8&gt;]
["client", false, #&lt;OpenSSL::X509::StoreContext:0x007fda64b715b0&gt;]
  </system-out>
  <system-err>
Exception `EOFError' at /usr/local/lib/ruby/2.1.0/openssl/buffering.rb:61 - end of file reached
Exception `WEBrick::HTTPStatus::EOFError' at /usr/local/lib/ruby/2.1.0/webrick/httpserver.rb:80 - WEBrick::HTTPStatus::EOFError
Exception `OpenSSL::SSL::SSLError' at /mnt/home/nahi/git/httpclient/lib/httpclient/ssl_config.rb:285 - SSL_CTX_set_cipher_list: no cipher match
Exception `OpenSSL::SSL::SSLError' at /usr/local/lib/ruby/2.1.0/openssl/ssl.rb:194 - SSL_accept SYSCALL returned=5 errno=0 state=unknown state
Exception `OpenSSL::SSL::SSLError' at /usr/local/lib/ruby/2.1.0/openssl/ssl.rb:198 - SSL_accept SYSCALL returned=5 errno=0 state=unknown state
Exception `OpenSSL::SSL::SSLError' at /mnt/home/nahi/git/httpclient/lib/httpclient/session.rb:167 - SSL_CTX_set_cipher_list: no cipher match
Exception `EOFError' at /usr/local/lib/ruby/2.1.0/openssl/buffering.rb:61 - end of file reached
Exception `WEBrick::HTTPStatus::EOFError' at /usr/local/lib/ruby/2.1.0/webrick/httpserver.rb:80 - WEBrick::HTTPStatus::EOFError
Exception `EOFError' at /usr/local/lib/ruby/2.1.0/openssl/buffering.rb:61 - end of file reached
Exception `WEBrick::HTTPStatus::EOFError' at /usr/local/lib/ruby/2.1.0/webrick/httpserver.rb:80 - WEBrick::HTTPStatus::EOFError
Exception `EOFError' at /usr/local/lib/ruby/2.1.0/openssl/buffering.rb:61 - end of file reached
Exception `WEBrick::HTTPStatus::EOFError' at /usr/local/lib/ruby/2.1.0/webrick/httpserver.rb:80 - WEBrick::HTTPStatus::EOFError
Exception `IOError' at /usr/local/lib/ruby/2.1.0/webrick/server.rb:170 - closed stream
Exception `OpenSSL::SSL::SSLError' at /mnt/home/nahi/git/httpclient/lib/httpclient/session.rb:303 - SSL_connect returned=1 errno=0 state=SSLv3 read server certificate B: certificate verify failed
Exception `OpenSSL::SSL::SSLError' at /usr/local/lib/ruby/2.1.0/openssl/ssl.rb:194 - SSL_accept returned=1 errno=0 state=SSLv3 read client certificate A: sslv3 alert bad certificate
Exception `OpenSSL::SSL::SSLError' at /usr/local/lib/ruby/2.1.0/openssl/ssl.rb:198 - SSL_accept returned=1 errno=0 state=SSLv3 read client certificate A: sslv3 alert bad certificate
Exception `OpenSSL::SSL::SSLError' at /mnt/home/nahi/git/httpclient/lib/httpclient/session.rb:167 - SSL_connect returned=1 errno=0 state=SSLv3 read server certificate B: certificate verify failed
Exception `EOFError' at /usr/local/lib/ruby/2.1.0/openssl/buffering.rb:61 - end of file reached
Exception `WEBrick::HTTPStatus::EOFError' at /usr/local/lib/ruby/2.1.0/webrick/httpserver.rb:80 - WEBrick::HTTPStatus::EOFError
Exception `IOError' at /usr/local/lib/ruby/2.1.0/webrick/server.rb:170 - closed stream
Exception `EOFError' at /usr/local/lib/ruby/2.1.0/openssl/buffering.rb:61 - end of file reached
Exception `WEBrick::HTTPStatus::EOFError' at /usr/local/lib/ruby/2.1.0/webrick/httpserver.rb:80 - WEBrick::HTTPStatus::EOFError
Exception `EOFError' at /usr/local/lib/ruby/2.1.0/openssl/buffering.rb:61 - end of file reached
Exception `WEBrick::HTTPStatus::EOFError' at /usr/local/lib/ruby/2.1.0/webrick/httpserver.rb:80 - WEBrick::HTTPStatus::EOFError
Exception `OpenSSL::SSL::SSLError' at /mnt/home/nahi/git/httpclient/lib/httpclient/session.rb:303 - SSL_connect returned=1 errno=0 state=SSLv3 read server certificate B: certificate verify failed
Exception `OpenSSL::SSL::SSLError' at /usr/local/lib/ruby/2.1.0/openssl/ssl.rb:194 - SSL_accept returned=1 errno=0 state=SSLv3 read client certificate A: sslv3 alert bad certificate
Exception `OpenSSL::SSL::SSLError' at /usr/local/lib/ruby/2.1.0/openssl/ssl.rb:198 - SSL_accept returned=1 errno=0 state=SSLv3 read client certificate A: sslv3 alert bad certificate
Exception `OpenSSL::SSL::SSLError' at /mnt/home/nahi/git/httpclient/lib/httpclient/session.rb:167 - SSL_connect returned=1 errno=0 state=SSLv3 read server certificate B: certificate verify failed
Exception `OpenSSL::SSL::SSLError' at /mnt/home/nahi/git/httpclient/lib/httpclient/session.rb:303 - SSL_connect returned=1 errno=0 state=SSLv3 read server certificate B: certificate verify failed
Exception `OpenSSL::SSL::SSLError' at /usr/local/lib/ruby/2.1.0/openssl/ssl.rb:194 - SSL_accept returned=1 errno=0 state=SSLv3 read client certificate A: sslv3 alert bad certificate
Exception `OpenSSL::SSL::SSLError' at /mnt/home/nahi/git/httpclient/lib/httpclient/session.rb:167 - SSL_connect returned=1 errno=0 state=SSLv3 read server certificate B: certificate verify failed
Exception `OpenSSL::SSL::SSLError' at /usr/local/lib/ruby/2.1.0/openssl/ssl.rb:198 - SSL_accept returned=1 errno=0 state=SSLv3 read client certificate A: sslv3 alert bad certificate
Exception `OpenSSL::SSL::SSLError' at /mnt/home/nahi/git/httpclient/lib/httpclient/session.rb:303 - SSL_connect returned=1 errno=0 state=SSLv3 read server certificate B: certificate verify failed
Exception `OpenSSL::SSL::SSLError' at /usr/local/lib/ruby/2.1.0/openssl/ssl.rb:194 - SSL_accept returned=1 errno=0 state=SSLv3 read client certificate A: sslv3 alert bad certificate
Exception `OpenSSL::SSL::SSLError' at /usr/local/lib/ruby/2.1.0/openssl/ssl.rb:198 - SSL_accept returned=1 errno=0 state=SSLv3 read client certificate A: sslv3 alert bad certificate
Exception `OpenSSL::SSL::SSLError' at /mnt/home/nahi/git/httpclient/lib/httpclient/session.rb:167 - SSL_connect returned=1 errno=0 state=SSLv3 read server certificate B: certificate verify failed
Exception `EOFError' at /usr/local/lib/ruby/2.1.0/openssl/buffering.rb:61 - end of file reached
Exception `WEBrick::HTTPStatus::EOFError' at /usr/local/lib/ruby/2.1.0/webrick/httpserver.rb:80 - WEBrick::HTTPStatus::EOFError
Exception `OpenSSL::SSL::SSLError' at /mnt/home/nahi/git/httpclient/lib/httpclient/session.rb:303 - SSL_connect returned=1 errno=0 state=SSLv3 read server certificate B: certificate verify failed
Exception `OpenSSL::SSL::SSLError' at /usr/local/lib/ruby/2.1.0/openssl/ssl.rb:194 - SSL_accept returned=1 errno=0 state=SSLv3 read client certificate A: sslv3 alert bad certificate
Exception `OpenSSL::SSL::SSLError' at /usr/local/lib/ruby/2.1.0/openssl/ssl.rb:198 - SSL_accept returned=1 errno=0 state=SSLv3 read client certificate A: sslv3 alert bad certificate
Exception `OpenSSL::SSL::SSLError' at /mnt/home/nahi/git/httpclient/lib/httpclient/session.rb:167 - SSL_connect returned=1 errno=0 state=SSLv3 read server certificate B: certificate verify failed
Exception `EOFError' at /usr/local/lib/ruby/2.1.0/openssl/buffering.rb:61 - end of file reached
Exception `WEBrick::HTTPStatus::EOFError' at /usr/local/lib/ruby/2.1.0/webrick/httpserver.rb:80 - WEBrick::HTTPStatus::EOFError
Exception `OpenSSL::SSL::SSLError' at /mnt/home/nahi/git/httpclient/lib/httpclient/session.rb:303 - SSL_connect returned=1 errno=0 state=SSLv3 read server certificate B: certificate verify failed
Exception `OpenSSL::SSL::SSLError' at /usr/local/lib/ruby/2.1.0/openssl/ssl.rb:194 - SSL_accept returned=1 errno=0 state=SSLv3 read client certificate A: sslv3 alert bad certificate
Exception `OpenSSL::SSL::SSLError' at /usr/local/lib/ruby/2.1.0/openssl/ssl.rb:198 - SSL_accept returned=1 errno=0 state=SSLv3 read client certificate A: sslv3 alert bad certificate
Exception `OpenSSL::SSL::SSLError' at /mnt/home/nahi/git/httpclient/lib/httpclient/session.rb:167 - SSL_connect returned=1 errno=0 state=SSLv3 read server certificate B: certificate verify failed
Exception `EOFError' at /usr/local/lib/ruby/2.1.0/openssl/buffering.rb:61 - end of file reached
Exception `WEBrick::HTTPStatus::EOFError' at /usr/local/lib/ruby/2.1.0/webrick/httpserver.rb:80 - WEBrick::HTTPStatus::EOFError
  </system-err>
</testsuite>
